2025-07-22 12:59:34,834 - INFO - No blockchain file found. Created new blockchain.
2025-07-22 13:00:17,858 - INFO - Blockchain saved to file.
2025-07-22 13:00:17,859 - INFO - Transaction added: from gov to school amount 100000.0
2025-07-22 13:00:38,735 - INFO - Blockchain saved to file.
2025-07-22 13:00:38,736 - INFO - Transaction added: from gov to school amount 100000.0
2025-07-22 13:00:44,554 - ERROR - Wrong password attempt.
2025-07-22 13:01:03,208 - INFO - Blockchain saved to file.
2025-07-22 13:01:03,208 - INFO - Transaction added: from gov to school amount 10000.0
2025-07-22 13:01:07,459 - INFO - Blockchain validated successfully. No tampering.
2025-07-22 13:01:10,448 - INFO - Blockchain exported to CSV file blockchain_export_1753169470.csv
2025-07-22 13:03:30,706 - INFO - Blockchain exported to CSV file blockchain_export_1753169610.csv
2025-07-22 13:03:33,137 - INFO - Application exited by user.
2025-07-22 13:10:43,337 - INFO - Blockchain loaded from file.
2025-07-22 13:12:10,702 - INFO - Blockchain saved to file.
2025-07-22 13:12:10,703 - INFO - Transaction added: from gov to school amount 10000.0
2025-07-22 13:12:24,781 - ERROR - Wrong password attempt.
2025-07-22 13:12:49,609 - INFO - Blockchain saved to file.
2025-07-22 13:12:49,609 - INFO - Transaction added: from school to gov amount 100.0
2025-07-22 13:12:54,714 - INFO - Blockchain validation failed! Tampering detected.
2025-07-22 13:13:12,280 - INFO - Application exited by user.
2025-07-22 13:17:35,731 - INFO - \u2705 Blockchain loaded successfully.
2025-07-22 13:17:47,799 - INFO - Application exited by user.
2025-07-22 13:20:17,111 - INFO - \u2705 Blockchain loaded from data\blockchain.json.
2025-07-22 13:20:53,652 - INFO - User exited the app.
2025-07-22 13:22:35,983 - INFO - \u2705 Blockchain loaded from data\blockchain.json.
2025-07-22 13:22:52,319 - INFO - Blockchain and backup files deleted by admin.
2025-07-22 13:22:52,322 - INFO - \u2705 Blockchain saved to data\blockchain.json.
2025-07-22 13:22:57,891 - INFO - Generated and saved RSA key pair.
2025-07-22 13:23:00,708 - INFO - Generated and saved RSA key pair.
2025-07-22 13:23:01,880 - INFO - Generated and saved RSA key pair.
2025-07-22 13:23:02,703 - INFO - Generated and saved RSA key pair.
2025-07-22 13:23:03,726 - INFO - Generated and saved RSA key pair.
2025-07-22 13:23:04,716 - INFO - Generated and saved RSA key pair.
2025-07-22 13:24:18,933 - INFO - \u2705 Blockchain saved to data\blockchain.json.
2025-07-22 13:24:18,934 - INFO - Transaction added: gov -> school \u20b91000000.0
2025-07-22 13:24:23,801 - INFO - Generated and saved RSA key pair.
2025-07-22 13:30:31,459 - INFO - User exited the app.
